\BOOKMARK [1][-]{section.1}{\376\377\000W\000p\000r\000o\000w\000a\000d\000z\000e\000n\000i\000e}{}% 1
\BOOKMARK [2][-]{subsection.1.1}{\376\377\000C\000e\000l\000\040\000p\000r\000o\000j\000e\000k\000t\000u}{section.1}% 2
\BOOKMARK [2][-]{subsection.1.2}{\376\377\000Z\000e\000s\000p\000\363\001\102\000\040\000p\000r\000o\000j\000e\000k\000t\000o\000w\000y}{section.1}% 3
\BOOKMARK [1][-]{section.2}{\376\377\000Z\000a\001\102\000o\001\174\000e\000n\000i\000a\000\040\000p\000r\000o\000j\000e\000k\000t\000o\000w\000e}{}% 4
\BOOKMARK [2][-]{subsection.2.1}{\376\377\000W\000y\000m\000a\000g\000a\000n\000i\000a\000\040\000f\000u\000n\000k\000c\000j\000o\000n\000a\000l\000n\000e}{section.2}% 5
\BOOKMARK [2][-]{subsection.2.2}{\376\377\000W\000y\000m\000a\000g\000a\000n\000i\000a\000\040\000n\000i\000e\000f\000u\000n\000k\000c\000j\000o\000n\000a\000l\000n\000e}{section.2}% 6
\BOOKMARK [2][-]{subsection.2.3}{\376\377\000S\000t\000o\000s\000\040\000t\000e\000c\000h\000n\000o\000l\000o\000g\000i\000c\000z\000n\000y}{section.2}% 7
\BOOKMARK [1][-]{section.3}{\376\377\000R\000e\000a\000l\000i\000z\000a\000c\000j\000a\000\040\000p\000r\000o\000j\000e\000k\000t\000u}{}% 8
\BOOKMARK [2][-]{subsection.3.1}{\376\377\000A\000r\000c\000h\000i\000t\000e\000k\000t\000u\000r\000a\000\040\000s\000y\000s\000t\000e\000m\000u}{section.3}% 9
\BOOKMARK [2][-]{subsection.3.2}{\376\377\000M\000o\000d\000u\001\102\000y\000\040\000s\000y\000s\000t\000e\000m\000u}{section.3}% 10
\BOOKMARK [3][-]{subsubsection.3.2.1}{\376\377\001\171\000r\000\363\000d\001\102\000a\000\040\000d\000a\000n\000y\000c\000h\000\040\000\050\000D\000a\000t\000a\000\040\000S\000o\000u\000r\000c\000e\000s\000\051}{subsection.3.2}% 11
\BOOKMARK [3][-]{subsubsection.3.2.2}{\376\377\000D\000e\000t\000e\000k\000t\000o\000r\000y\000\040\000a\000n\000o\000m\000a\000l\000i\000i}{subsection.3.2}% 12
\BOOKMARK [2][-]{subsection.3.3}{\376\377\000D\000a\000s\000h\000b\000o\000a\000r\000d\000\040\000i\000\040\000w\000i\000z\000u\000a\000l\000i\000z\000a\000c\000j\000a}{section.3}% 13
\BOOKMARK [3][-]{subsubsection.3.3.1}{\376\377\000F\000u\000n\000k\000c\000j\000o\000n\000a\000l\000n\000o\001\133\000c\000i\000\040\000d\000a\000s\000h\000b\000o\000a\000r\000d\000u}{subsection.3.3}% 14
\BOOKMARK [2][-]{subsection.3.4}{\376\377\000S\000y\000s\000t\000e\000m\000\040\000r\000a\000p\000o\000r\000t\000o\000w\000a\000n\000i\000a}{section.3}% 15
\BOOKMARK [2][-]{subsection.3.5}{\376\377\000K\000o\000n\000f\000i\000g\000u\000r\000a\000c\000j\000a\000\040\000s\000y\000s\000t\000e\000m\000u}{section.3}% 16
\BOOKMARK [1][-]{section.4}{\376\377\000T\000e\000s\000t\000y\000\040\000i\000\040\000w\000y\000n\000i\000k\000i}{}% 17
\BOOKMARK [2][-]{subsection.4.1}{\376\377\000M\000e\000t\000o\000d\000o\000l\000o\000g\000i\000a\000\040\000t\000e\000s\000t\000o\000w\000a\000n\000i\000a}{section.4}% 18
\BOOKMARK [2][-]{subsection.4.2}{\376\377\000O\000p\000t\000y\000m\000a\000l\000i\000z\000a\000c\000j\000a\000\040\000f\000a\000l\000s\000e\000\040\000p\000o\000s\000i\000t\000i\000v\000e\000\040\000r\000a\000t\000e}{section.4}% 19
\BOOKMARK [2][-]{subsection.4.3}{\376\377\000A\000n\000a\000l\000i\000z\000a\000\040\000w\000y\000d\000a\000j\000n\000o\001\133\000c\000i}{section.4}% 20
\BOOKMARK [2][-]{subsection.4.4}{\376\377\000P\000r\000z\000y\000k\001\102\000a\000d\000y\000\040\000w\000y\000k\000r\000y\000t\000y\000c\000h\000\040\000a\000n\000o\000m\000a\000l\000i\000i}{section.4}% 21
\BOOKMARK [1][-]{section.5}{\376\377\000P\000o\000d\000s\000u\000m\000o\000w\000a\000n\000i\000e\000\040\000i\000\040\000w\000n\000i\000o\000s\000k\000i}{}% 22
\BOOKMARK [2][-]{subsection.5.1}{\376\377\000P\000o\000d\000s\000u\000m\000o\000w\000a\000n\000i\000e}{section.5}% 23
\BOOKMARK [2][-]{subsection.5.2}{\376\377\000W\000n\000i\000o\000s\000k\000i}{section.5}% 24
\BOOKMARK [3][-]{subsubsection.5.2.1}{\376\377\000M\000o\000c\000n\000e\000\040\000s\000t\000r\000o\000n\000y\000\040\000p\000r\000o\000j\000e\000k\000t\000u}{subsection.5.2}% 25
\BOOKMARK [3][-]{subsubsection.5.2.2}{\376\377\000W\000y\000z\000w\000a\000n\000i\000a\000\040\000i\000\040\000r\000o\000z\000w\000i\001\005\000z\000a\000n\000i\000a}{subsection.5.2}% 26
\BOOKMARK [3][-]{subsubsection.5.2.3}{\376\377\000M\000o\001\174\000l\000i\000w\000e\000\040\000r\000o\000z\000s\000z\000e\000r\000z\000e\000n\000i\000a}{subsection.5.2}% 27
\BOOKMARK [3][-]{subsubsection.5.2.4}{\376\377\000W\000n\000i\000o\000s\000k\000i\000\040\000k\000o\001\104\000c\000o\000w\000e}{subsection.5.2}% 28
\BOOKMARK [1][-]{section.6}{\376\377\000B\000i\000b\000l\000i\000o\000g\000r\000a\000f\000i\000a}{}% 29
\BOOKMARK [1][-]{appendix.A}{\376\377\000I\000n\000s\000t\000r\000u\000k\000c\000j\000a\000\040\000u\000r\000u\000c\000h\000o\000m\000i\000e\000n\000i\000a}{}% 30
\BOOKMARK [2][-]{subsection.A.1}{\376\377\000W\000y\000m\000a\000g\000a\000n\000i\000a\000\040\000s\000y\000s\000t\000e\000m\000o\000w\000e}{appendix.A}% 31
\BOOKMARK [2][-]{subsection.A.2}{\376\377\000I\000n\000s\000t\000a\000l\000a\000c\000j\000a}{appendix.A}% 32
\BOOKMARK [2][-]{subsection.A.3}{\376\377\000U\000r\000u\000c\000h\000o\000m\000i\000e\000n\000i\000e}{appendix.A}% 33
\BOOKMARK [2][-]{subsection.A.4}{\376\377\000D\000o\000s\000t\001\031\000p\000\040\000d\000o\000\040\000d\000a\000s\000h\000b\000o\000a\000r\000d\000u}{appendix.A}% 34
